[startup] BASE_DIR     = d:\Hackathon\Test\stylesync\backend
[startup] GARMENTS_DIR = d:\Hackathon\Test\stylesync\backend\garments
============================================================
  StyleSync AI ù Flask Backend
  Running at: http://localhost:5000
  CORS enabled for localhost:3000 and localhost:3001
============================================================
 * Serving Flask app 'app'
 * Debug mode: on
python : WARNING: This 
is a development server. 
Do not use it in a 
production deployment. 
Use a production WSGI 
server instead.
    + CategoryInfo       
       : NotSpecified:   
  (WARNING: This i...s   
 erver instead.:Strin    
g) [], RemoteExcepti    
on
    + FullyQualifiedErro 
   rId : NativeCommandE  
  rror
 
 * Running on all 
addresses (0.0.0.0)
 * Running on 
http://127.0.0.1:5000
 * Running on http://172.
16.107.188:5000
Press CTRL+C to quit
 * Restarting with stat
 * Debugger is active!
 * Debugger PIN: 
136-402-018
 * Detected change in 'd:
\\Hackathon\\Test\\styles
ync\\backend\\app.py', 
reloading
[startup] BASE_DIR     = d:\Hackathon\Test\stylesync\backend
[startup] GARMENTS_DIR = d:\Hackathon\Test\stylesync\backend\garments
============================================================
  StyleSync AI ù Flask Backend
  Running at: http://localhost:5000
  CORS enabled for localhost:3000 and localhost:3001
============================================================
 * Restarting with stat
 * Debugger is active!
 * Debugger PIN: 
136-402-018
